<?xml version="1.0" encoding="UTF-8"?>
<!-- Generated by org.testng.reporters.JUnitXMLReporter -->
<testsuite ignored="0" hostname="DESKTOP-OAHHFQP" failures="1" tests="4" name="Test" time="87.424" errors="0" timestamp="2023-10-16T15:15:27 IST">
  <testcase classname="urbanApplication.VerifyText" name="VerifyTextBox" time="21.884">
    <failure type="java.lang.AssertionError" message="The following asserts failed:
	expected [true] but found [false]">
      <![CDATA[java.lang.AssertionError: The following asserts failed:
expected [true] but found [false]
at urbanApplication.VerifyText.VerifyTextBox(VerifyText.java:48)
at java.base/java.util.ArrayList.forEach(ArrayList.java:1511)
... Removed 29 stack frames]]>
    </failure>
  </testcase> <!-- VerifyTextBox -->
  <testcase classname="urbanApplication.Login" name="login" time="6.137"/>
  <testcase classname="urbanApplication.AddToCart" name="SearchTest" time="21.32"/>
  <testcase classname="urbanApplication.Browse" name="browse" time="7.327"/>
</testsuite> <!-- Test -->
