<?xml version="1.0" encoding="UTF-8"?>
<testng-results ignored="0" total="4" passed="3" failed="1" skipped="0">
  <reporter-output>
  </reporter-output>
  <suite started-at="2023-10-16T15:14:00 IST" name="Suite" finished-at="2023-10-16T15:15:27 IST" duration-ms="87424">
    <groups>
    </groups>
    <test started-at="2023-10-16T15:14:00 IST" name="Test" finished-at="2023-10-16T15:15:27 IST" duration-ms="87424">
      <class name="urbanApplication.VerifyText">
        <test-method is-config="true" signature="setup()[pri:0, instance:urbanApplication.VerifyText@8f2ef19]" started-at="2023-10-16T15:14:00 IST" name="setup" finished-at="2023-10-16T15:14:15 IST" duration-ms="15023" status="PASS">
          <reporter-output>
          </reporter-output>
        </test-method> <!-- setup -->
        <test-method signature="VerifyTextBox()[pri:0, instance:urbanApplication.VerifyText@8f2ef19]" started-at="2023-10-16T15:14:15 IST" name="VerifyTextBox" finished-at="2023-10-16T15:14:37 IST" duration-ms="21884" status="FAIL">
          <exception class="java.lang.AssertionError">
            <message>
              <![CDATA[The following asserts failed:
expected [true] but found [false]]]>
            </message>
            <full-stacktrace>
              <![CDATA[java.lang.AssertionError: The following asserts failed:
expected [true] but found [false]
at org.testng.asserts.SoftAssert.assertAll(SoftAssert.java:46)
at org.testng.asserts.SoftAssert.assertAll(SoftAssert.java:30)
at urbanApplication.VerifyText.VerifyTextBox(VerifyText.java:48)
at java.base/jdk.internal.reflect.NativeMethodAccessorImpl.invoke0(Native Method)
at java.base/jdk.internal.reflect.NativeMethodAccessorImpl.invoke(NativeMethodAccessorImpl.java:77)
at java.base/jdk.internal.reflect.DelegatingMethodAccessorImpl.invoke(DelegatingMethodAccessorImpl.java:43)
at java.base/java.lang.reflect.Method.invoke(Method.java:568)
at org.testng.internal.invokers.MethodInvocationHelper.invokeMethod(MethodInvocationHelper.java:139)
at org.testng.internal.invokers.TestInvoker.invokeMethod(TestInvoker.java:664)
at org.testng.internal.invokers.TestInvoker.invokeTestMethod(TestInvoker.java:227)
at org.testng.internal.invokers.MethodRunner.runInSequence(MethodRunner.java:50)
at org.testng.internal.invokers.TestInvoker$MethodInvocationAgent.invoke(TestInvoker.java:957)
at org.testng.internal.invokers.TestInvoker.invokeTestMethods(TestInvoker.java:200)
at org.testng.internal.invokers.TestMethodWorker.invokeTestMethods(TestMethodWorker.java:148)
at org.testng.internal.invokers.TestMethodWorker.run(TestMethodWorker.java:128)
at java.base/java.util.ArrayList.forEach(ArrayList.java:1511)
at org.testng.TestRunner.privateRun(TestRunner.java:848)
at org.testng.TestRunner.run(TestRunner.java:621)
at org.testng.SuiteRunner.runTest(SuiteRunner.java:443)
at org.testng.SuiteRunner.runSequentially(SuiteRunner.java:437)
at org.testng.SuiteRunner.privateRun(SuiteRunner.java:397)
at org.testng.SuiteRunner.run(SuiteRunner.java:336)
at org.testng.SuiteRunnerWorker.runSuite(SuiteRunnerWorker.java:52)
at org.testng.SuiteRunnerWorker.run(SuiteRunnerWorker.java:95)
at org.testng.TestNG.runSuitesSequentially(TestNG.java:1280)
at org.testng.TestNG.runSuitesLocally(TestNG.java:1200)
at org.testng.TestNG.runSuites(TestNG.java:1114)
at org.testng.TestNG.run(TestNG.java:1082)
at org.testng.remote.AbstractRemoteTestNG.run(AbstractRemoteTestNG.java:115)
at org.testng.remote.RemoteTestNG.initAndRun(RemoteTestNG.java:251)
at org.testng.remote.RemoteTestNG.main(RemoteTestNG.java:77)
]]>
            </full-stacktrace>
          </exception> <!-- java.lang.AssertionError -->
          <reporter-output>
          </reporter-output>
        </test-method> <!-- VerifyTextBox -->
        <test-method is-config="true" signature="teardown()[pri:0, instance:urbanApplication.VerifyText@8f2ef19]" started-at="2023-10-16T15:14:37 IST" name="teardown" finished-at="2023-10-16T15:14:38 IST" duration-ms="1095" status="PASS">
          <reporter-output>
          </reporter-output>
        </test-method> <!-- teardown -->
      </class> <!-- urbanApplication.VerifyText -->
      <class name="urbanApplication.AddToCart">
        <test-method is-config="true" signature="setup()[pri:0, instance:urbanApplication.AddToCart@48075da3]" started-at="2023-10-16T15:13:34 IST" name="setup" finished-at="2023-10-16T15:13:45 IST" duration-ms="11055" status="PASS">
          <reporter-output>
          </reporter-output>
        </test-method> <!-- setup -->
        <test-method signature="SearchTest()[pri:0, instance:urbanApplication.AddToCart@48075da3]" started-at="2023-10-16T15:14:58 IST" name="SearchTest" finished-at="2023-10-16T15:15:20 IST" duration-ms="21320" status="PASS">
          <reporter-output>
          </reporter-output>
        </test-method> <!-- SearchTest -->
        <test-method is-config="true" signature="teardown()[pri:0, instance:urbanApplication.AddToCart@48075da3]" started-at="2023-10-16T15:15:27 IST" name="teardown" finished-at="2023-10-16T15:15:28 IST" duration-ms="982" status="PASS">
          <reporter-output>
          </reporter-output>
        </test-method> <!-- teardown -->
      </class> <!-- urbanApplication.AddToCart -->
      <class name="urbanApplication.Login">
        <test-method is-config="true" signature="setup()[pri:0, instance:urbanApplication.Login@5afa3c9]" started-at="2023-10-16T15:14:38 IST" name="setup" finished-at="2023-10-16T15:14:52 IST" duration-ms="13646" status="PASS">
          <reporter-output>
          </reporter-output>
        </test-method> <!-- setup -->
        <test-method signature="login()[pri:0, instance:urbanApplication.Login@5afa3c9]" started-at="2023-10-16T15:14:52 IST" name="login" finished-at="2023-10-16T15:14:58 IST" duration-ms="6137" status="PASS">
          <reporter-output>
          </reporter-output>
        </test-method> <!-- login -->
        <test-method is-config="true" signature="teardown()[pri:0, instance:urbanApplication.Login@5afa3c9]" started-at="2023-10-16T15:14:58 IST" name="teardown" finished-at="2023-10-16T15:14:58 IST" duration-ms="712" status="PASS">
          <reporter-output>
          </reporter-output>
        </test-method> <!-- teardown -->
      </class> <!-- urbanApplication.Login -->
      <class name="urbanApplication.Browse">
        <test-method is-config="true" signature="setup()[pri:0, instance:urbanApplication.Browse@68c9133c]" started-at="2023-10-16T15:13:45 IST" name="setup" finished-at="2023-10-16T15:14:00 IST" duration-ms="14611" status="PASS">
          <reporter-output>
          </reporter-output>
        </test-method> <!-- setup -->
        <test-method signature="browse()[pri:0, instance:urbanApplication.Browse@68c9133c]" started-at="2023-10-16T15:15:20 IST" name="browse" finished-at="2023-10-16T15:15:27 IST" duration-ms="7327" status="PASS">
          <reporter-output>
          </reporter-output>
        </test-method> <!-- browse -->
        <test-method is-config="true" signature="teardown()[pri:0, instance:urbanApplication.Browse@68c9133c]" started-at="2023-10-16T15:15:27 IST" name="teardown" finished-at="2023-10-16T15:15:27 IST" duration-ms="185" status="PASS">
          <reporter-output>
          </reporter-output>
        </test-method> <!-- teardown -->
      </class> <!-- urbanApplication.Browse -->
    </test> <!-- Test -->
  </suite> <!-- Suite -->
</testng-results>
